\BOOKMARK [0][-]{section*.6}{ Contents}{}% 1
\BOOKMARK [0][-]{section*.7}{ List of Tables}{}% 2
\BOOKMARK [0][-]{section*.8}{ List of Figures}{}% 3
\BOOKMARK [0][-]{section*.9}{ List of Abbreviations}{}% 4
\BOOKMARK [0][-]{section*.10}{ List of Notations}{}% 5
\BOOKMARK [0][-]{chapter.1}{INTRODUCTION}{}% 6
\BOOKMARK [1][-]{section.1.1}{Section Heading}{chapter.1}% 7
\BOOKMARK [2][-]{subsection.1.1.1}{Subsection Heading}{section.1.1}% 8
\BOOKMARK [0][-]{chapter.2}{LITERATURE SURVEY}{}% 9
\BOOKMARK [1][-]{section.2.1}{Section Heading}{chapter.2}% 10
\BOOKMARK [2][-]{subsection.2.1.1}{Subsection Heading}{section.2.1}% 11
\BOOKMARK [0][-]{chapter.3}{METHADOLOGY}{}% 12
\BOOKMARK [1][-]{section.3.1}{Section Heading}{chapter.3}% 13
\BOOKMARK [2][-]{subsection.3.1.1}{Subsection Heading}{section.3.1}% 14
\BOOKMARK [0][-]{chapter.4}{RESULTS \046 DISCUSSION}{}% 15
\BOOKMARK [1][-]{section.4.1}{Section Heading}{chapter.4}% 16
\BOOKMARK [2][-]{subsection.4.1.1}{Subsection Heading}{section.4.1}% 17
\BOOKMARK [0][-]{chapter.5}{CONCLUSION}{}% 18
\BOOKMARK [0][-]{figure.5.1}{ Reference}{}% 19
\BOOKMARK [0][-]{figure.5.1}{ Appendix Name}{}% 20
